H:\quan_li_nha_hang\FoodHub_BE\Application\DTOs\Authentication\LoginRequestDto.cs(5,1): error CS8300: Merge conflict marker encountered [H:\quan_li_nha_hang\FoodHub_BE\FoodHub.csproj]
H:\quan_li_nha_hang\FoodHub_BE\Application\DTOs\Authentication\LoginRequestDto.cs(9,1): error CS8300: Merge conflict marker encountered [H:\quan_li_nha_hang\FoodHub_BE\FoodHub.csproj]
H:\quan_li_nha_hang\FoodHub_BE\Application\DTOs\Authentication\LoginRequestDto.cs(12,1): error CS8300: Merge conflict marker encountered [H:\quan_li_nha_hang\FoodHub_BE\FoodHub.csproj]
H:\quan_li_nha_hang\FoodHub_BE\Application\DTOs\Authentication\LoginResponseDto.cs(6,1): error CS8300: Merge conflict marker encountered [H:\quan_li_nha_hang\FoodHub_BE\FoodHub.csproj]
H:\quan_li_nha_hang\FoodHub_BE\Application\DTOs\Authentication\LoginResponseDto.cs(14,1): error CS8300: Merge conflict marker encountered [H:\quan_li_nha_hang\FoodHub_BE\FoodHub.csproj]
H:\quan_li_nha_hang\FoodHub_BE\Application\DTOs\Authentication\LoginResponseDto.cs(17,1): error CS8300: Merge conflict marker encountered [H:\quan_li_nha_hang\FoodHub_BE\FoodHub.csproj]
H:\quan_li_nha_hang\FoodHub_BE\Application\Features\Authentication\Commands\Login\LoginCommand.cs(7,1): error CS8300: Merge conflict marker encountered [H:\quan_li_nha_hang\FoodHub_BE\FoodHub.csproj]
H:\quan_li_nha_hang\FoodHub_BE\Application\Features\Authentication\Commands\Login\LoginCommand.cs(9,1): error CS8300: Merge conflict marker encountered [H:\quan_li_nha_hang\FoodHub_BE\FoodHub.csproj]
H:\quan_li_nha_hang\FoodHub_BE\Application\Features\Authentication\Commands\Login\LoginCommand.cs(11,1): error CS8300: Merge conflict marker encountered [H:\quan_li_nha_hang\FoodHub_BE\FoodHub.csproj]
H:\quan_li_nha_hang\FoodHub_BE\Application\Features\Authentication\Commands\Login\LoginCommandHandler.cs(8,1): error CS8300: Merge conflict marker encountered [H:\quan_li_nha_hang\FoodHub_BE\FoodHub.csproj]
H:\quan_li_nha_hang\FoodHub_BE\Application\Features\Authentication\Commands\Login\LoginCommandHandler.cs(9,1): error CS8300: Merge conflict marker encountered [H:\quan_li_nha_hang\FoodHub_BE\FoodHub.csproj]
H:\quan_li_nha_hang\FoodHub_BE\Application\Features\Authentication\Commands\Login\LoginCommandHandler.cs(11,1): error CS8300: Merge conflict marker encountered [H:\quan_li_nha_hang\FoodHub_BE\FoodHub.csproj]
H:\quan_li_nha_hang\FoodHub_BE\Application\Features\Authentication\Commands\Login\LoginCommandHandler.cs(19,1): error CS8300: Merge conflict marker encountered [H:\quan_li_nha_hang\FoodHub_BE\FoodHub.csproj]
H:\quan_li_nha_hang\FoodHub_BE\Application\Features\Authentication\Commands\Login\LoginCommandHandler.cs(21,1): error CS8300: Merge conflict marker encountered [H:\quan_li_nha_hang\FoodHub_BE\FoodHub.csproj]
H:\quan_li_nha_hang\FoodHub_BE\Application\Features\Authentication\Commands\Login\LoginCommandHandler.cs(23,1): error CS8300: Merge conflict marker encountered [H:\quan_li_nha_hang\FoodHub_BE\FoodHub.csproj]
H:\quan_li_nha_hang\FoodHub_BE\Application\Interfaces\ITokenService.cs(8,1): error CS8300: Merge conflict marker encountered [H:\quan_li_nha_hang\FoodHub_BE\FoodHub.csproj]
H:\quan_li_nha_hang\FoodHub_BE\Application\Interfaces\ITokenService.cs(12,1): error CS8300: Merge conflict marker encountered [H:\quan_li_nha_hang\FoodHub_BE\FoodHub.csproj]
H:\quan_li_nha_hang\FoodHub_BE\Application\Interfaces\ITokenService.cs(13,1): error CS8300: Merge conflict marker encountered [H:\quan_li_nha_hang\FoodHub_BE\FoodHub.csproj]
H:\quan_li_nha_hang\FoodHub_BE\Application\Features\Authentication\Commands\Login\LoginCommandHandler.cs(29,1): error CS8300: Merge conflict marker encountered [H:\quan_li_nha_hang\FoodHub_BE\FoodHub.csproj]
H:\quan_li_nha_hang\FoodHub_BE\Application\Features\Authentication\Commands\Login\LoginCommandHandler.cs(31,1): error CS8300: Merge conflict marker encountered [H:\quan_li_nha_hang\FoodHub_BE\FoodHub.csproj]
H:\quan_li_nha_hang\FoodHub_BE\Application\Features\Authentication\Commands\Login\LoginCommandHandler.cs(33,1): error CS8300: Merge conflict marker encountered [H:\quan_li_nha_hang\FoodHub_BE\FoodHub.csproj]
H:\quan_li_nha_hang\FoodHub_BE\Application\Features\Authentication\Commands\Login\LoginCommandHandler.cs(38,1): error CS8300: Merge conflict marker encountered [H:\quan_li_nha_hang\FoodHub_BE\FoodHub.csproj]
H:\quan_li_nha_hang\FoodHub_BE\Infrastructure\DependencyInjection.cs(33,1): error CS8300: Merge conflict marker encountered [H:\quan_li_nha_hang\FoodHub_BE\FoodHub.csproj]
H:\quan_li_nha_hang\FoodHub_BE\Application\Features\Authentication\Commands\Login\LoginCommandHandler.cs(40,1): error CS8300: Merge conflict marker encountered [H:\quan_li_nha_hang\FoodHub_BE\FoodHub.csproj]
H:\quan_li_nha_hang\FoodHub_BE\Application\Features\Authentication\Commands\Login\LoginCommandHandler.cs(42,1): error CS8300: Merge conflict marker encountered [H:\quan_li_nha_hang\FoodHub_BE\FoodHub.csproj]
H:\quan_li_nha_hang\FoodHub_BE\Infrastructure\DependencyInjection.cs(35,1): error CS8300: Merge conflict marker encountered [H:\quan_li_nha_hang\FoodHub_BE\FoodHub.csproj]
H:\quan_li_nha_hang\FoodHub_BE\Infrastructure\DependencyInjection.cs(36,1): error CS8300: Merge conflict marker encountered [H:\quan_li_nha_hang\FoodHub_BE\FoodHub.csproj]
H:\quan_li_nha_hang\FoodHub_BE\Application\Features\Authentication\Commands\Login\LoginCommandHandler.cs(50,1): error CS8300: Merge conflict marker encountered [H:\quan_li_nha_hang\FoodHub_BE\FoodHub.csproj]
H:\quan_li_nha_hang\FoodHub_BE\Infrastructure\Security\JwtTokenService.cs(48,1): error CS8300: Merge conflict marker encountered [H:\quan_li_nha_hang\FoodHub_BE\FoodHub.csproj]
H:\quan_li_nha_hang\FoodHub_BE\Application\Features\Authentication\Commands\Login\LoginCommandHandler.cs(55,1): error CS8300: Merge conflict marker encountered [H:\quan_li_nha_hang\FoodHub_BE\FoodHub.csproj]
H:\quan_li_nha_hang\FoodHub_BE\Application\Features\Authentication\Commands\Login\LoginCommandHandler.cs(61,1): error CS8300: Merge conflict marker encountered [H:\quan_li_nha_hang\FoodHub_BE\FoodHub.csproj]
H:\quan_li_nha_hang\FoodHub_BE\Infrastructure\Security\JwtTokenService.cs(67,1): error CS8300: Merge conflict marker encountered [H:\quan_li_nha_hang\FoodHub_BE\FoodHub.csproj]
H:\quan_li_nha_hang\FoodHub_BE\Application\Features\Authentication\Commands\Login\LoginCommandHandler.cs(80,1): error CS8300: Merge conflict marker encountered [H:\quan_li_nha_hang\FoodHub_BE\FoodHub.csproj]
H:\quan_li_nha_hang\FoodHub_BE\Program.cs(20,1): error CS8300: Merge conflict marker encountered [H:\quan_li_nha_hang\FoodHub_BE\FoodHub.csproj]
H:\quan_li_nha_hang\FoodHub_BE\Infrastructure\Security\JwtTokenService.cs(68,1): error CS8300: Merge conflict marker encountered [H:\quan_li_nha_hang\FoodHub_BE\FoodHub.csproj]
H:\quan_li_nha_hang\FoodHub_BE\Application\Features\Authentication\Commands\Login\LoginCommandHandler.cs(108,1): error CS8300: Merge conflict marker encountered [H:\quan_li_nha_hang\FoodHub_BE\FoodHub.csproj]
H:\quan_li_nha_hang\FoodHub_BE\Application\Features\Authentication\Commands\Login\LoginCommandHandler.cs(114,1): error CS8300: Merge conflict marker encountered [H:\quan_li_nha_hang\FoodHub_BE\FoodHub.csproj]
H:\quan_li_nha_hang\FoodHub_BE\Program.cs(52,1): error CS8300: Merge conflict marker encountered [H:\quan_li_nha_hang\FoodHub_BE\FoodHub.csproj]
H:\quan_li_nha_hang\FoodHub_BE\Program.cs(57,1): error CS8300: Merge conflict marker encountered [H:\quan_li_nha_hang\FoodHub_BE\FoodHub.csproj]
H:\quan_li_nha_hang\FoodHub_BE\Presentation\Controllers\Auth\AuthController.cs(15,1): error CS8300: Merge conflict marker encountered [H:\quan_li_nha_hang\FoodHub_BE\FoodHub.csproj]
H:\quan_li_nha_hang\FoodHub_BE\Program.cs(111,1): error CS8300: Merge conflict marker encountered [H:\quan_li_nha_hang\FoodHub_BE\FoodHub.csproj]
H:\quan_li_nha_hang\FoodHub_BE\Application\Features\Authentication\Commands\Login\LoginCommandHandler.cs(119,1): error CS8300: Merge conflict marker encountered [H:\quan_li_nha_hang\FoodHub_BE\FoodHub.csproj]
H:\quan_li_nha_hang\FoodHub_BE\Program.cs(134,1): error CS8300: Merge conflict marker encountered [H:\quan_li_nha_hang\FoodHub_BE\FoodHub.csproj]
H:\quan_li_nha_hang\FoodHub_BE\Program.cs(141,1): error CS8300: Merge conflict marker encountered [H:\quan_li_nha_hang\FoodHub_BE\FoodHub.csproj]
H:\quan_li_nha_hang\FoodHub_BE\Application\Features\Authentication\Commands\Login\LoginCommandHandler.cs(126,1): error CS8300: Merge conflict marker encountered [H:\quan_li_nha_hang\FoodHub_BE\FoodHub.csproj]
H:\quan_li_nha_hang\FoodHub_BE\Application\Features\Authentication\Commands\Login\LoginCommandHandler.cs(129,1): error CS8300: Merge conflict marker encountered [H:\quan_li_nha_hang\FoodHub_BE\FoodHub.csproj]
H:\quan_li_nha_hang\FoodHub_BE\Presentation\Controllers\Auth\AuthController.cs(22,1): error CS8300: Merge conflict marker encountered [H:\quan_li_nha_hang\FoodHub_BE\FoodHub.csproj]
H:\quan_li_nha_hang\FoodHub_BE\Presentation\Controllers\Auth\AuthController.cs(27,1): error CS8300: Merge conflict marker encountered [H:\quan_li_nha_hang\FoodHub_BE\FoodHub.csproj]
H:\quan_li_nha_hang\FoodHub_BE\Application\Features\Authentication\Commands\Login\LoginCommandValidator.cs(2,1): error CS8300: Merge conflict marker encountered [H:\quan_li_nha_hang\FoodHub_BE\FoodHub.csproj]
H:\quan_li_nha_hang\FoodHub_BE\Application\Features\Authentication\Commands\Login\LoginCommandValidator.cs(3,1): error CS8300: Merge conflict marker encountered [H:\quan_li_nha_hang\FoodHub_BE\FoodHub.csproj]
H:\quan_li_nha_hang\FoodHub_BE\Application\Features\Authentication\Commands\Login\LoginCommandValidator.cs(5,1): error CS8300: Merge conflict marker encountered [H:\quan_li_nha_hang\FoodHub_BE\FoodHub.csproj]
H:\quan_li_nha_hang\FoodHub_BE\Presentation\Controllers\Auth\AuthController.cs(33,1): error CS8300: Merge conflict marker encountered [H:\quan_li_nha_hang\FoodHub_BE\FoodHub.csproj]
H:\quan_li_nha_hang\FoodHub_BE\Presentation\Controllers\Auth\AuthController.cs(35,1): error CS8300: Merge conflict marker encountered [H:\quan_li_nha_hang\FoodHub_BE\FoodHub.csproj]
H:\quan_li_nha_hang\FoodHub_BE\Presentation\Controllers\Auth\AuthController.cs(37,1): error CS8300: Merge conflict marker encountered [H:\quan_li_nha_hang\FoodHub_BE\FoodHub.csproj]
H:\quan_li_nha_hang\FoodHub_BE\Application\Features\Authentication\Commands\Login\LoginCommandValidator.cs(13,1): error CS8300: Merge conflict marker encountered [H:\quan_li_nha_hang\FoodHub_BE\FoodHub.csproj]
H:\quan_li_nha_hang\FoodHub_BE\Presentation\Controllers\Auth\AuthController.cs(45,1): error CS8300: Merge conflict marker encountered [H:\quan_li_nha_hang\FoodHub_BE\FoodHub.csproj]
H:\quan_li_nha_hang\FoodHub_BE\Application\Features\Authentication\Commands\Login\LoginCommandValidator.cs(20,1): error CS8300: Merge conflict marker encountered [H:\quan_li_nha_hang\FoodHub_BE\FoodHub.csproj]
H:\quan_li_nha_hang\FoodHub_BE\Application\Features\Authentication\Commands\Login\LoginCommandValidator.cs(28,1): error CS8300: Merge conflict marker encountered [H:\quan_li_nha_hang\FoodHub_BE\FoodHub.csproj]
H:\quan_li_nha_hang\FoodHub_BE\Presentation\Controllers\Auth\AuthController.cs(66,1): error CS8300: Merge conflict marker encountered [H:\quan_li_nha_hang\FoodHub_BE\FoodHub.csproj]
H:\quan_li_nha_hang\FoodHub_BE\Presentation\Controllers\Auth\AuthController.cs(67,1): error CS8300: Merge conflict marker encountered [H:\quan_li_nha_hang\FoodHub_BE\FoodHub.csproj]
H:\quan_li_nha_hang\FoodHub_BE\Presentation\Controllers\Auth\AuthController.cs(72,1): error CS8300: Merge conflict marker encountered [H:\quan_li_nha_hang\FoodHub_BE\FoodHub.csproj]
H:\quan_li_nha_hang\FoodHub_BE\Presentation\Controllers\Auth\AuthController.cs(81,1): error CS8300: Merge conflict marker encountered [H:\quan_li_nha_hang\FoodHub_BE\FoodHub.csproj]
H:\quan_li_nha_hang\FoodHub_BE\Presentation\Controllers\Auth\AuthController.cs(89,1): error CS8300: Merge conflict marker encountered [H:\quan_li_nha_hang\FoodHub_BE\FoodHub.csproj]
